<?xml version="1.0" encoding="UTF-8"?>
<coverage generated="1616962572">
  <project timestamp="1616962572">
    <file name="/home/hexium-alexandre/Documents/OpenClassrooms/P5_gerault_alexandre/framework/src/AGerault/Services/Exceptions/ContainerException.php">
      <class name="AGerault\Framework\Services\Exceptions\ContainerException" namespace="global">
        <metrics complexity="0" methods="0" coveredmethods="0" conditionals="0" coveredconditionals="0" statements="0" coveredstatements="0" elements="0" coveredelements="0"/>
      </class>
      <metrics loc="10" ncloc="10" classes="0" methods="0" coveredmethods="0" conditionals="0" coveredconditionals="0" statements="0" coveredstatements="0" elements="0" coveredelements="0"/>
    </file>
    <file name="/home/hexium-alexandre/Documents/OpenClassrooms/P5_gerault_alexandre/framework/src/AGerault/Services/Exceptions/ServiceNotFoundException.php">
      <class name="AGerault\Framework\Services\Exceptions\ServiceNotFoundException" namespace="global">
        <metrics complexity="1" methods="1" coveredmethods="1" conditionals="0" coveredconditionals="0" statements="2" coveredstatements="2" elements="3" coveredelements="3"/>
      </class>
      <line num="11" type="method" name="__construct" visibility="public" complexity="1" crap="1" count="2"/>
      <line num="14" type="stmt" count="2"/>
      <line num="15" type="stmt" count="2"/>
      <metrics loc="16" ncloc="16" classes="1" methods="1" coveredmethods="1" conditionals="0" coveredconditionals="0" statements="2" coveredstatements="2" elements="3" coveredelements="3"/>
    </file>
    <file name="/home/hexium-alexandre/Documents/OpenClassrooms/P5_gerault_alexandre/framework/src/AGerault/Services/ServiceContainer.php">
      <class name="AGerault\Framework\Services\ServiceContainer" namespace="global">
        <metrics complexity="28" methods="10" coveredmethods="10" conditionals="0" coveredconditionals="0" statements="67" coveredstatements="67" elements="77" coveredelements="77"/>
      </class>
      <line num="57" type="method" name="get" visibility="public" complexity="3" crap="3" count="8"/>
      <line num="60" type="stmt" count="8"/>
      <line num="61" type="stmt" count="8"/>
      <line num="63" type="stmt" count="6"/>
      <line num="64" type="stmt" count="1"/>
      <line num="67" type="stmt" count="5"/>
      <line num="70" type="stmt" count="5"/>
      <line num="73" type="method" name="has" visibility="public" complexity="1" crap="1" count="8"/>
      <line num="76" type="stmt" count="8"/>
      <line num="83" type="method" name="addAlias" visibility="public" complexity="1" crap="1" count="1"/>
      <line num="85" type="stmt" count="1"/>
      <line num="86" type="stmt" count="1"/>
      <line num="96" type="method" name="buildDependencies" visibility="private" complexity="6" crap="6" count="3"/>
      <line num="98" type="stmt" count="3"/>
      <line num="99" type="stmt" count="3"/>
      <line num="100" type="stmt" count="1"/>
      <line num="102" type="stmt" count="1"/>
      <line num="103" type="stmt" count="1"/>
      <line num="105" type="stmt" count="3"/>
      <line num="106" type="stmt" count="3"/>
      <line num="107" type="stmt" count="3"/>
      <line num="108" type="stmt" count="3"/>
      <line num="109" type="stmt" count="3"/>
      <line num="110" type="stmt" count="3"/>
      <line num="111" type="stmt" count="2"/>
      <line num="112" type="stmt" count="1"/>
      <line num="113" type="stmt" count="1"/>
      <line num="114" type="stmt" count="1"/>
      <line num="115" type="stmt" count="1"/>
      <line num="119" type="stmt" count="3"/>
      <line num="130" type="method" name="buildParameters" visibility="private" complexity="3" crap="3" count="3"/>
      <line num="132" type="stmt" count="3"/>
      <line num="133" type="stmt" count="3"/>
      <line num="134" type="stmt" count="3"/>
      <line num="136" type="stmt" count="3"/>
      <line num="137" type="stmt" count="2"/>
      <line num="138" type="stmt" count="1"/>
      <line num="140" type="stmt" count="1"/>
      <line num="143" type="stmt" count="1"/>
      <line num="144" type="stmt" count="3"/>
      <line num="155" type="method" name="register" visibility="public" complexity="5" crap="5" count="8"/>
      <line num="157" type="stmt" count="8"/>
      <line num="158" type="stmt" count="1"/>
      <line num="161" type="stmt" count="7"/>
      <line num="163" type="stmt" count="7"/>
      <line num="164" type="stmt" count="1"/>
      <line num="165" type="stmt" count="1"/>
      <line num="166" type="stmt" count="1"/>
      <line num="169" type="stmt" count="7"/>
      <line num="170" type="stmt" count="7"/>
      <line num="172" type="stmt" count="7"/>
      <line num="173" type="stmt" count="3"/>
      <line num="176" type="stmt" count="7"/>
      <line num="178" type="stmt" count="7"/>
      <line num="180" type="stmt" count="7"/>
      <line num="181" type="stmt" count="7"/>
      <line num="190" type="method" name="getDefinition" visibility="public" complexity="2" crap="2" count="7"/>
      <line num="192" type="stmt" count="7"/>
      <line num="193" type="stmt" count="7"/>
      <line num="196" type="stmt" count="7"/>
      <line num="206" type="method" name="resolve" visibility="private" complexity="5" crap="5" count="8"/>
      <line num="208" type="stmt" count="8"/>
      <line num="209" type="stmt" count="1"/>
      <line num="212" type="stmt" count="7"/>
      <line num="215" type="stmt" count="7"/>
      <line num="216" type="stmt" count="1"/>
      <line num="219" type="stmt" count="7"/>
      <line num="222" type="stmt" count="7"/>
      <line num="223" type="stmt" count="5"/>
      <line num="226" type="stmt" count="3"/>
      <line num="227" type="stmt" count="3"/>
      <line num="229" type="stmt" count="3"/>
      <line num="232" type="method" name="addParameter" visibility="public" complexity="1" crap="1" count="1"/>
      <line num="234" type="stmt" count="1"/>
      <line num="235" type="stmt" count="1"/>
      <line num="237" type="method" name="getParameter" visibility="public" complexity="1" crap="1" count="1"/>
      <line num="239" type="stmt" count="1"/>
      <metrics loc="241" ncloc="172" classes="1" methods="10" coveredmethods="10" conditionals="0" coveredconditionals="0" statements="67" coveredstatements="67" elements="77" coveredelements="77"/>
    </file>
    <file name="/home/hexium-alexandre/Documents/OpenClassrooms/P5_gerault_alexandre/framework/src/AGerault/Services/ServiceDefinition.php">
      <class name="AGerault\Framework\Services\ServiceDefinition" namespace="global">
        <metrics complexity="6" methods="6" coveredmethods="6" conditionals="0" coveredconditionals="0" statements="12" coveredstatements="12" elements="18" coveredelements="18"/>
      </class>
      <line num="44" type="method" name="__construct" visibility="public" complexity="1" crap="1" count="11"/>
      <line num="46" type="stmt" count="11"/>
      <line num="47" type="stmt" count="11"/>
      <line num="48" type="stmt" count="11"/>
      <line num="49" type="stmt" count="11"/>
      <line num="50" type="stmt" count="11"/>
      <line num="52" type="method" name="isShared" visibility="public" complexity="1" crap="1" count="8"/>
      <line num="54" type="stmt" count="8"/>
      <line num="60" type="method" name="aliases" visibility="public" complexity="1" crap="1" count="1"/>
      <line num="62" type="stmt" count="1"/>
      <line num="65" type="method" name="dependencies" visibility="public" complexity="1" crap="1" count="1"/>
      <line num="67" type="stmt" count="1"/>
      <line num="70" type="method" name="makeNotShared" visibility="public" complexity="1" crap="1" count="2"/>
      <line num="72" type="stmt" count="2"/>
      <line num="73" type="stmt" count="2"/>
      <line num="75" type="method" name="makeShared" visibility="public" complexity="1" crap="1" count="1"/>
      <line num="77" type="stmt" count="1"/>
      <line num="78" type="stmt" count="1"/>
      <metrics loc="79" ncloc="49" classes="1" methods="6" coveredmethods="6" conditionals="0" coveredconditionals="0" statements="12" coveredstatements="12" elements="18" coveredelements="18"/>
    </file>
    <metrics files="4" loc="346" ncloc="247" classes="3" methods="17" coveredmethods="17" conditionals="0" coveredconditionals="0" statements="81" coveredstatements="81" elements="98" coveredelements="98"/>
  </project>
</coverage>
